{
  "RSpec": {
    "coverage": {
      "/Users/kamacbook/Documents/Makers/daily_diary_app/spec/database_connection_spec.rb": {
        "lines": [
          1,
          null,
          1,
          0,
          0,
          0,
          null,
          0,
          null,
          null,
          null
        ]
      },
      "/Users/kamacbook/Documents/Makers/daily_diary_app/spec/diary_entries_spec.rb": {
        "lines": [
          1,
          1,
          null,
          1,
          null,
          1,
          1,
          null,
          null,
          0,
          0,
          0,
          null,
          0,
          null,
          0,
          0,
          0,
          0,
          0,
          null,
          null,
          null,
          1,
          1,
          0,
          null,
          0,
          null,
          0,
          0,
          0,
          0,
          null,
          null,
          null,
          1,
          1,
          0,
          null,
          0,
          null,
          0,
          null,
          null,
          null,
          1,
          1,
          0,
          0,
          null,
          0,
          0,
          0,
          0,
          null,
          null,
          null,
          1,
          1,
          0,
          null,
          0,
          null,
          0,
          0,
          0,
          0,
          null,
          null,
          null,
          null,
          null
        ]
      },
      "/Users/kamacbook/Documents/Makers/daily_diary_app/spec/database_helpers.rb": {
        "lines": [
          1,
          null,
          1,
          0,
          0,
          0,
          null
        ]
      },
      "/Users/kamacbook/Documents/Makers/daily_diary_app/spec/features/creating_diary_entries_spec.rb": {
        "lines": [
          1,
          1,
          0,
          0,
          0,
          0,
          null,
          0,
          null,
          null
        ]
      },
      "/Users/kamacbook/Documents/Makers/daily_diary_app/spec/features/deleting_a_diary_entry_spec.rb": {
        "lines": [
          1,
          1,
          0,
          0,
          0,
          null,
          0,
          0,
          0,
          null,
          null
        ]
      },
      "/Users/kamacbook/Documents/Makers/daily_diary_app/spec/features/hello_wrold_spec.rb": {
        "lines": [
          1,
          1,
          0,
          0,
          null,
          null
        ]
      },
      "/Users/kamacbook/Documents/Makers/daily_diary_app/spec/features/updating_a_diary_entry_spec.rb": {
        "lines": [
          1,
          1,
          0,
          null,
          0,
          null,
          0,
          null,
          0,
          null,
          0,
          null,
          0,
          0,
          0,
          null,
          0,
          0,
          0,
          null,
          null
        ]
      },
      "/Users/kamacbook/Documents/Makers/daily_diary_app/spec/features/viewing_diary_entries_spec.rb": {
        "lines": [
          1,
          null,
          1,
          1,
          null,
          0,
          0,
          0,
          null,
          0,
          null,
          0,
          0,
          0,
          null,
          null,
          1,
          null,
          0,
          null,
          0,
          0,
          0,
          null,
          null,
          null
        ]
      }
    },
    "timestamp": 1603474729
  }
}
